<?xml version="1.0" encoding="UTF-8"?>
<!-- Generated by org.testng.reporters.JUnitReportReporter -->
<testsuite hostname="ADMIN-PC" name="TestNgorg.optional" tests="6" failures="0" timestamp="2 Aug 2017 13:22:26 GMT" time="14.806" errors="1">
  <testcase name="parameter1" time="0.186" classname="TestNgorg.optional"/>
  <testcase name="launch" time="6.710" classname="TestNgorg.optional"/>
  <testcase name="parameter2" time="0.260" classname="TestNgorg.optional"/>
  <testcase name="parameter2" time="0.261" classname="TestNgorg.optional"/>
  <testcase name="parameter1" time="0.000" classname="TestNgorg.optional">
    <error type="org.testng.TestNGException" message="
Parameter &#039;para&#039; is required by @Test on method parameter1 but has not been marked @Optional or defined
in D:\suniljar\selenium programs\TestNg\test.xml">
      <![CDATA[org.testng.TestNGException: 
Parameter 'para' is required by @Test on method parameter1 but has not been marked @Optional or defined
in D:\suniljar\selenium programs\TestNg\test.xml
	at org.testng.internal.Parameters.createParameters(Parameters.java:154)
	at org.testng.internal.Parameters.createParameters(Parameters.java:361)
	at org.testng.internal.Parameters.handleParameters(Parameters.java:451)
	at org.testng.internal.Invoker.handleParameters(Invoker.java:1270)
	at org.testng.internal.Invoker.createParameters(Invoker.java:985)
	at org.testng.internal.Invoker.invokeTestMethods(Invoker.java:1075)
	at org.testng.internal.TestMethodWorker.invokeTestMethods(TestMethodWorker.java:125)
	at org.testng.internal.TestMethodWorker.run(TestMethodWorker.java:108)
	at org.testng.TestRunner.privateRun(TestRunner.java:774)
	at org.testng.TestRunner.run(TestRunner.java:624)
	at org.testng.SuiteRunner.runTest(SuiteRunner.java:359)
	at org.testng.SuiteRunner.runSequentially(SuiteRunner.java:354)
	at org.testng.SuiteRunner.privateRun(SuiteRunner.java:312)
	at org.testng.SuiteRunner.run(SuiteRunner.java:261)
	at org.testng.SuiteRunnerWorker.runSuite(SuiteRunnerWorker.java:52)
	at org.testng.SuiteRunnerWorker.run(SuiteRunnerWorker.java:86)
	at org.testng.TestNG.runSuitesSequentially(TestNG.java:1215)
	at org.testng.TestNG.runSuitesLocally(TestNG.java:1140)
	at org.testng.TestNG.run(TestNG.java:1048)
	at org.testng.remote.AbstractRemoteTestNG.run(AbstractRemoteTestNG.java:132)
	at org.testng.remote.RemoteTestNG.initAndRun(RemoteTestNG.java:230)
	at org.testng.remote.RemoteTestNG.main(RemoteTestNG.java:76)
]]>
    </error>
  </testcase> <!-- parameter1 -->
  <testcase name="launch" time="7.389" classname="TestNgorg.optional"/>
</testsuite> <!-- TestNgorg.optional -->
